<?xml version="1.0" encoding="UTF-8"?>
<!-- Generated by org.testng.reporters.JUnitXMLReporter -->
<testsuite hostname="BLRKEC103576L" ignored="0" name="search bar test" tests="2" failures="0" timestamp="06 May 2019 11:20:55 GMT" time="18.016" errors="0">
  <testcase name="locateSearchBar" time="1.643" classname="searchUIFunctionality.GoogleSearch"/>
  <testcase name="clearStringandSendNewString" time="2.973" classname="searchUIFunctionality.ClearSearch"/>
</testsuite> <!-- search bar test -->
